<?xml version="1.0" encoding="UTF-8"?>
<!-- Generated by org.testng.reporters.JUnitReportReporter -->
<testsuite skipped="0" hostname="Jagannath.local" name="test.TestNavigation" tests="4" failures="0" timestamp="12 Jul 2017 06:50:44 GMT" time="49.030" errors="0">
  <testcase name="SLUB_001_verifyLoginElements" time="0.013" classname="test.TestNavigation"/>
  <testcase name="SLUB_002_loginToApp" time="22.509" classname="test.TestNavigation"/>
  <testcase name="SLUB_003_verifyMyCourse" time="5.007" classname="test.TestNavigation"/>
  <testcase name="SLUB_004_verifyLogout" time="21.501" classname="test.TestNavigation"/>
</testsuite> <!-- test.TestNavigation -->
