<?xml version="1.0" encoding="UTF-8"?>
<!-- Generated by org.testng.reporters.JUnitReportReporter -->
<testsuite skipped="0" hostname="Jagannath.local" name="test.TestNavigation" tests="4" failures="0" timestamp="26 Jun 2017 13:00:53 GMT" time="45.759" errors="0">
  <testcase name="verifyLoginElements" time="0.010" classname="test.TestNavigation"/>
  <testcase name="loginToApp" time="22.808" classname="test.TestNavigation"/>
  <testcase name="verifyMyCourse" time="5.006" classname="test.TestNavigation"/>
  <testcase name="verifyLogout" time="17.935" classname="test.TestNavigation"/>
</testsuite> <!-- test.TestNavigation -->
