<?xml version="1.0" encoding="UTF-8"?>
<!-- Generated by org.testng.reporters.JUnitReportReporter -->
<testsuite skipped="0" hostname="Jagannath.local" name="test.TestNavigation" tests="4" failures="0" timestamp="20 Jun 2017 06:51:34 GMT" time="46.206" errors="0">
  <testcase name="verifyLoginElements" time="0.010" classname="test.TestNavigation"/>
  <testcase name="loginToApp" time="22.777" classname="test.TestNavigation"/>
  <testcase name="verifyMyCourse" time="5.002" classname="test.TestNavigation"/>
  <testcase name="verifyLogout" time="18.417" classname="test.TestNavigation"/>
</testsuite> <!-- test.TestNavigation -->
