<?xml version="1.0" encoding="UTF-8"?>
<!-- Generated by org.testng.reporters.JUnitReportReporter -->
<testsuite skipped="0" hostname="Jagannath.local" name="com.test.reportFoundtion.RunYouMail" tests="1" failures="0" timestamp="26 Jun 2017 11:56:31 GMT" time="0.162" errors="0">
  <testcase name="sendMail" time="0.162" classname="com.test.reportFoundtion.RunYouMail"/>
</testsuite> <!-- com.test.reportFoundtion.RunYouMail -->
